[     7.270] (--) Log file renamed from "/var/log/Xorg.pid-1605.log" to "/var/log/Xorg.0.log"
[     7.271] 
X.Org X Server 1.21.1.11
X Protocol Version 11, Revision 0
[     7.271] Current Operating System: Linux clinton-ASUS-TUF-Gaming-F15-FX506LH-FX506LH 6.11.0-25-generic #25~24.04.1-Ubuntu SMP PREEMPT_DYNAMIC Tue Apr 15 17:20:50 UTC 2 x86_64
[     7.271] Kernel command line: BOOT_IMAGE=/boot/vmlinuz-6.11.0-25-generic root=UUID=fd690e9b-60e0-4bb6-87b6-bfdc5495fc9e ro quiet splash vt.handoff=7
[     7.271] xorg-server 2:21.1.12-1ubuntu1.3 (For technical support please see http://www.ubuntu.com/support) 
[     7.271] Current version of pixman: 0.42.2
[     7.271] 	Before reporting problems, check http://wiki.x.org
	to make sure that you have the latest version.
[     7.271] Markers: (--) probed, (**) from config file, (==) default setting,
	(++) from command line, (!!) notice, (II) informational,
	(WW) warning, (EE) error, (NI) not implemented, (??) unknown.
[     7.271] (==) Log file: "/var/log/Xorg.0.log", Time: Tue May 13 08:22:59 2025
[     7.272] (==) Using system config directory "/usr/share/X11/xorg.conf.d"
[     7.273] (==) ServerLayout "layout"
[     7.273] (==) No screen section available. Using defaults.
[     7.273] (**) |-->Screen "Default Screen Section" (0)
[     7.273] (**) |   |-->Monitor "<default monitor>"
[     7.274] (==) No monitor specified for screen "Default Screen Section".
	Using a default monitor configuration.
[     7.274] (**) Allowing byte-swapped clients
[     7.274] (==) Automatically adding devices
[     7.274] (==) Automatically enabling devices
[     7.274] (==) Automatically adding GPU devices
[     7.274] (==) Automatically binding GPU devices
[     7.274] (==) Max clients allowed: 256, resource mask: 0x1fffff
[     7.274] (WW) The directory "/usr/share/fonts/X11/cyrillic" does not exist.
[     7.274] 	Entry deleted from font path.
[     7.274] (WW) The directory "/usr/share/fonts/X11/100dpi/" does not exist.
[     7.274] 	Entry deleted from font path.
[     7.274] (WW) The directory "/usr/share/fonts/X11/75dpi/" does not exist.
[     7.274] 	Entry deleted from font path.
[     7.274] (WW) The directory "/usr/share/fonts/X11/100dpi" does not exist.
[     7.274] 	Entry deleted from font path.
[     7.274] (WW) The directory "/usr/share/fonts/X11/75dpi" does not exist.
[     7.274] 	Entry deleted from font path.
[     7.274] (==) FontPath set to:
	/usr/share/fonts/X11/misc,
	/usr/share/fonts/X11/Type1,
	built-ins
[     7.274] (==) ModulePath set to "/usr/lib/xorg/modules"
[     7.274] (II) The server relies on udev to provide the list of input devices.
	If no devices become available, reconfigure udev or disable AutoAddDevices.
[     7.274] (II) Loader magic: 0x576d00b64020
[     7.274] (II) Module ABI versions:
[     7.274] 	X.Org ANSI C Emulation: 0.4
[     7.274] 	X.Org Video Driver: 25.2
[     7.274] 	X.Org XInput driver : 24.4
[     7.274] 	X.Org Server Extension : 10.0
[     7.275] (++) using VT number 1

[     7.276] (II) systemd-logind: took control of session /org/freedesktop/login1/session/c1
[     7.276] (II) xfree86: Adding drm device (/dev/dri/card2)
[     7.276] (II) Platform probe for /sys/devices/pci0000:00/0000:00:01.0/0000:01:00.0/drm/card2
[     7.277] (II) systemd-logind: got fd for /dev/dri/card2 226:2 fd 14 paused 0
[     7.277] (II) xfree86: Adding drm device (/dev/dri/card1)
[     7.277] (II) Platform probe for /sys/devices/pci0000:00/0000:00:02.0/drm/card1
[     7.277] (II) systemd-logind: got fd for /dev/dri/card1 226:1 fd 15 paused 0
[     7.278] (**) OutputClass "nvidia" ModulePath extended to "/usr/lib/x86_64-linux-gnu/nvidia/xorg,/usr/lib/xorg/modules"
[     8.472] (--) PCI:*(0@0:2:0) 8086:9bc4:1043:177f rev 5, Mem @ 0xc3000000/16777216, 0xa0000000/268435456, I/O @ 0x00005000/64, BIOS @ 0x????????/131072
[     8.472] (--) PCI: (1@0:0:0) 10de:1f99:1043:177f rev 161, Mem @ 0xc4000000/16777216, 0xb0000000/268435456, 0xc0000000/33554432, I/O @ 0x00004000/128, BIOS @ 0x????????/524288
[     8.475] (II) LoadModule: "glx"
[     8.475] (II) Loading /usr/lib/xorg/modules/extensions/libglx.so
[     8.481] (II) Module glx: vendor="X.Org Foundation"
[     8.481] 	compiled for 1.21.1.11, module version = 1.0.0
[     8.481] 	ABI class: X.Org Server Extension, version 10.0
[     8.481] (II) Applying OutputClass "nvidia" to /dev/dri/card2
[     8.481] 	loading driver: nvidia
[     8.929] (==) Matched nvidia as autoconfigured driver 0
[     8.929] (==) Matched nouveau as autoconfigured driver 1
[     8.929] (==) Matched modesetting as autoconfigured driver 2
[     8.929] (==) Matched fbdev as autoconfigured driver 3
[     8.929] (==) Matched vesa as autoconfigured driver 4
[     8.929] (==) Assigned the driver to the xf86ConfigLayout
[     8.929] (II) LoadModule: "nvidia"
[     8.929] (II) Loading /usr/lib/x86_64-linux-gnu/nvidia/xorg/nvidia_drv.so
[     8.933] (II) Module nvidia: vendor="NVIDIA Corporation"
[     8.933] 	compiled for 1.6.99.901, module version = 1.0.0
[     8.933] 	Module class: X.Org Video Driver
[     8.934] (II) LoadModule: "nouveau"
[     8.934] (II) Loading /usr/lib/xorg/modules/drivers/nouveau_drv.so
[     8.935] (II) Module nouveau: vendor="X.Org Foundation"
[     8.935] 	compiled for 1.21.1.3, module version = 1.0.17
[     8.935] 	Module class: X.Org Video Driver
[     8.935] 	ABI class: X.Org Video Driver, version 25.2
[     8.935] (II) LoadModule: "modesetting"
[     8.935] (II) Loading /usr/lib/xorg/modules/drivers/modesetting_drv.so
[     8.936] (II) Module modesetting: vendor="X.Org Foundation"
[     8.936] 	compiled for 1.21.1.11, module version = 1.21.1
[     8.936] 	Module class: X.Org Video Driver
[     8.936] 	ABI class: X.Org Video Driver, version 25.2
[     8.936] (II) LoadModule: "fbdev"
[     8.936] (II) Loading /usr/lib/xorg/modules/drivers/fbdev_drv.so
[     8.936] (II) Module fbdev: vendor="X.Org Foundation"
[     8.936] 	compiled for 1.21.1.11, module version = 0.5.0
[     8.936] 	Module class: X.Org Video Driver
[     8.936] 	ABI class: X.Org Video Driver, version 25.2
[     8.936] (II) LoadModule: "vesa"
[     8.937] (II) Loading /usr/lib/xorg/modules/drivers/vesa_drv.so
[     8.937] (II) Module vesa: vendor="X.Org Foundation"
[     8.937] 	compiled for 1.21.1.7, module version = 2.6.0
[     8.937] 	Module class: X.Org Video Driver
[     8.937] 	ABI class: X.Org Video Driver, version 25.2
[     8.937] (II) NVIDIA dlloader X Driver  570.133.20  Sun Apr 13 04:25:43 UTC 2025
[     8.937] (II) NVIDIA Unified Driver for all Supported NVIDIA GPUs
[     8.937] (II) NOUVEAU driver Date:   Sat Jan 23 12:24:42 2021 -0500
[     8.937] (II) NOUVEAU driver for NVIDIA chipset families :
[     8.937] 	RIVA TNT            (NV04)
[     8.937] 	RIVA TNT2           (NV05)
[     8.937] 	GeForce 256         (NV10)
[     8.937] 	GeForce 2           (NV11, NV15)
[     8.937] 	GeForce 4MX         (NV17, NV18)
[     8.937] 	GeForce 3           (NV20)
[     8.937] 	GeForce 4Ti         (NV25, NV28)
[     8.938] 	GeForce FX          (NV3x)
[     8.938] 	GeForce 6           (NV4x)
[     8.938] 	GeForce 7           (G7x)
[     8.938] 	GeForce 8           (G8x)
[     8.938] 	GeForce 9           (G9x)
[     8.938] 	GeForce GTX 2xx/3xx (GT2xx)
[     8.938] 	GeForce GTX 4xx/5xx (GFxxx)
[     8.938] 	GeForce GTX 6xx/7xx (GKxxx)
[     8.938] 	GeForce GTX 9xx     (GMxxx)
[     8.938] 	GeForce GTX 10xx    (GPxxx)
[     8.938] (II) modesetting: Driver for Modesetting Kernel Drivers: kms
[     8.938] (II) FBDEV: driver for framebuffer: fbdev
[     8.938] (II) VESA: driver for VESA chipsets: vesa
[     8.938] xf86EnableIO: failed to enable I/O ports 0000-03ff (Operation not permitted)
[     8.938] (II) modeset(0): using drv /dev/dri/card1
[     8.938] (WW) Falling back to old probe method for fbdev
[     8.938] (II) Loading sub module "fbdevhw"
[     8.938] (II) LoadModule: "fbdevhw"
[     8.938] (II) Loading /usr/lib/xorg/modules/libfbdevhw.so
[     8.938] (II) Module fbdevhw: vendor="X.Org Foundation"
[     8.938] 	compiled for 1.21.1.11, module version = 0.0.2
[     8.938] 	ABI class: X.Org Video Driver, version 25.2
[     8.938] (II) systemd-logind: releasing fd for 226:2
[     8.939] (II) Loading sub module "fb"
[     8.939] (II) LoadModule: "fb"
[     8.939] (II) Module "fb" already built-in
[     8.939] (II) Loading sub module "wfb"
[     8.939] (II) LoadModule: "wfb"
[     8.939] (II) Loading /usr/lib/xorg/modules/libwfb.so
[     8.940] (II) Module wfb: vendor="X.Org Foundation"
[     8.940] 	compiled for 1.21.1.11, module version = 1.0.0
[     8.940] 	ABI class: X.Org ANSI C Emulation, version 0.4
[     8.941] (II) modeset(0): Creating default Display subsection in Screen section
	"Default Screen Section" for depth/fbbpp 24/32
[     8.941] (==) modeset(0): Depth 24, (==) framebuffer bpp 32
[     8.941] (==) modeset(0): RGB weight 888
[     8.941] (==) modeset(0): Default visual is TrueColor
[     8.941] (II) Loading sub module "glamoregl"
[     8.941] (II) LoadModule: "glamoregl"
[     8.941] (II) Loading /usr/lib/xorg/modules/libglamoregl.so
[     9.106] (II) Module glamoregl: vendor="X.Org Foundation"
[     9.106] 	compiled for 1.21.1.11, module version = 1.0.1
[     9.106] 	ABI class: X.Org ANSI C Emulation, version 0.4
[     9.247] (II) modeset(0): glamor X acceleration enabled on Mesa Intel(R) UHD Graphics (CML GT2)
[     9.247] (II) modeset(0): glamor initialized
[     9.247] (==) modeset(0): VariableRefresh: disabled
[     9.247] (==) modeset(0): AsyncFlipSecondaries: disabled
[     9.249] (II) modeset(0): Output eDP-1 has no monitor section
[     9.250] (II) modeset(0): EDID for output eDP-1
[     9.250] (II) modeset(0): Manufacturer: CMN  Model: 1521  Serial#: 0
[     9.250] (II) modeset(0): Year: 2020  Week: 1
[     9.250] (II) modeset(0): EDID Version: 1.4
[     9.250] (II) modeset(0): Digital Display Input
[     9.250] (II) modeset(0): 8 bits per channel
[     9.250] (II) modeset(0): Digital interface is DisplayPort
[     9.250] (II) modeset(0): Max Image Size [cm]: horiz.: 34  vert.: 19
[     9.250] (II) modeset(0): Gamma: 2.20
[     9.250] (II) modeset(0): No DPMS capabilities specified
[     9.250] (II) modeset(0): Supported color encodings: RGB 4:4:4 
[     9.250] (II) modeset(0): First detailed timing is preferred mode
[     9.250] (II) modeset(0): Preferred mode is native pixel format and refresh rate
[     9.250] (II) modeset(0): Display is continuous-frequency
[     9.250] (II) modeset(0): redX: 0.590 redY: 0.350   greenX: 0.330 greenY: 0.555
[     9.250] (II) modeset(0): blueX: 0.153 blueY: 0.119   whiteX: 0.313 whiteY: 0.329
[     9.250] (II) modeset(0): Manufacturer's mask: 0
[     9.250] (II) modeset(0): Supported detailed timing:
[     9.251] (II) modeset(0): clock: 342.1 MHz   Image Size:  344 x 193 mm
[     9.251] (II) modeset(0): h_active: 1920  h_sync: 1968  h_sync_end 2000 h_blank_end 2080 h_border: 0
[     9.251] (II) modeset(0): v_active: 1080  v_sync: 1090  v_sync_end 1095 v_blanking: 1142 v_border: 0
[     9.251] (II) modeset(0): Supported detailed timing:
[     9.251] (II) modeset(0): clock: 142.5 MHz   Image Size:  344 x 193 mm
[     9.251] (II) modeset(0): h_active: 1920  h_sync: 1968  h_sync_end 2000 h_blank_end 2080 h_border: 0
[     9.251] (II) modeset(0): v_active: 1080  v_sync: 1090  v_sync_end 1095 v_blanking: 1142 v_border: 0
[     9.251] (II) modeset(0): Ranges: V min: 48 V max: 144 Hz, H min: 165 H max: 165 kHz, PixClock max 345 MHz
[     9.251] (II) modeset(0):  N156HRA-EA1
[     9.251] (II) modeset(0): EDID (in hex):
[     9.251] (II) modeset(0): 	00ffffffffffff000dae211500000000
[     9.251] (II) modeset(0): 	011e0104a52213780328659759548e27
[     9.251] (II) modeset(0): 	1e505400000001010101010101010101
[     9.251] (II) modeset(0): 	0101010101019e8580a070383e403020
[     9.251] (II) modeset(0): 	a50058c110000018ad3780a070383e40
[     9.251] (II) modeset(0): 	3020a50058c110000018000000fd0030
[     9.251] (II) modeset(0): 	90a5a522010a202020202020000000fe
[     9.251] (II) modeset(0): 	004e3135364852412d4541310a200080
[     9.251] (II) modeset(0): Not using default mode "1440x810" (bad mode clock/interlace/doublescan)
[     9.251] (II) modeset(0): Printing probed modes for output eDP-1
[     9.251] (II) modeset(0): Modeline "1920x1080"x144.0  342.06  1920 1968 2000 2080  1080 1090 1095 1142 -hsync -vsync (164.5 kHz eP)
[     9.251] (II) modeset(0): Modeline "1920x1080"x144.0  332.77  1920 1968 2000 2080  1080 1083 1088 1111 +hsync -vsync (160.0 kHz d)
[     9.251] (II) modeset(0): Modeline "1920x1080"x60.0  142.53  1920 1968 2000 2080  1080 1090 1095 1142 -hsync -vsync (68.5 kHz e)
[     9.251] (II) modeset(0): Modeline "1680x1050"x144.0  286.16  1680 1728 1760 1840  1050 1053 1059 1080 +hsync -vsync (155.5 kHz d)
[     9.251] (II) modeset(0): Modeline "1400x1050"x144.0  292.93  1400 1488 1640 1880  1050 1052 1064 1082 +hsync +vsync (155.8 kHz d)
[     9.251] (II) modeset(0): Modeline "1600x900"x144.0  234.69  1600 1648 1680 1760  900 903 908 926 +hsync -vsync (133.3 kHz d)
[     9.251] (II) modeset(0): Modeline "1280x1024"x144.0  259.12  1280 1328 1440 1688  1024 1025 1028 1066 +hsync +vsync (153.5 kHz d)
[     9.251] (II) modeset(0): Modeline "1400x900"x144.0  208.02  1400 1448 1480 1560  900 903 913 926 +hsync -vsync (133.3 kHz d)
[     9.251] (II) modeset(0): Modeline "1280x960"x144.0  259.21  1280 1376 1488 1800  960 961 964 1000 +hsync +vsync (144.0 kHz d)
[     9.251] (II) modeset(0): Modeline "1368x768"x144.0  173.83  1368 1416 1448 1528  768 771 781 790 +hsync -vsync (113.8 kHz d)
[     9.251] (II) modeset(0): Modeline "1280x800"x144.0  170.66  1280 1328 1360 1440  800 803 809 823 +hsync -vsync (118.5 kHz d)
[     9.251] (II) modeset(0): Modeline "1152x864"x144.0  207.36  1152 1216 1344 1600  864 865 868 900 +hsync +vsync (129.6 kHz d)
[     9.251] (II) modeset(0): Modeline "1280x720"x144.0  153.66  1280 1328 1360 1440  720 723 728 741 +hsync -vsync (106.7 kHz d)
[     9.251] (II) modeset(0): Modeline "1024x768"x144.0  155.99  1024 1048 1184 1344  768 771 777 806 -hsync -vsync (116.1 kHz d)
[     9.251] (II) modeset(0): Modeline "1024x768i"x144.0   74.36  1024 1032 1208 1264  768 768 776 817 interlace +hsync +vsync (58.8 kHz d)
[     9.251] (II) modeset(0): Modeline "960x720"x144.0  280.81  960 1024 1128 1300  720 720 722 750 doublescan -hsync +vsync (216.0 kHz d)
[     9.251] (II) modeset(0): Modeline "928x696"x144.0  261.75  928 976 1088 1264  696 696 698 719 doublescan -hsync +vsync (207.1 kHz d)
[     9.251] (II) modeset(0): Modeline "896x672"x144.0  245.71  896 960 1060 1224  672 672 674 697 doublescan -hsync +vsync (200.7 kHz d)
[     9.251] (II) modeset(0): Modeline "1024x576"x144.0  101.11  1024 1072 1104 1184  576 579 584 593 +hsync -vsync (85.4 kHz d)
[     9.251] (II) modeset(0): Modeline "960x600"x144.0  184.81  960 984 1000 1040  600 601 604 617 doublescan +hsync -vsync (177.7 kHz d)
[     9.251] (II) modeset(0): Modeline "832x624"x144.0  110.65  832 864 928 1152  624 625 628 667 -hsync -vsync (96.0 kHz d)
[     9.251] (II) modeset(0): Modeline "960x540"x144.0   89.67  960 1008 1040 1120  540 543 548 556 +hsync -vsync (80.1 kHz d)
[     9.251] (II) modeset(0): Modeline "800x600"x144.0   92.16  800 824 896 1024  600 601 603 625 +hsync +vsync (90.0 kHz d)
[     9.251] (II) modeset(0): Modeline "840x525"x144.0  143.08  840 864 880 920  525 526 529 540 doublescan +hsync -vsync (155.5 kHz d)
[     9.251] (II) modeset(0): Modeline "864x486"x144.0   73.73  864 912 944 1024  486 489 494 500 +hsync -vsync (72.0 kHz d)
[     9.251] (II) modeset(0): Modeline "700x525"x144.0  146.46  700 744 820 940  525 526 532 541 doublescan +hsync +vsync (155.8 kHz d)
[     9.251] (II) modeset(0): Modeline "800x450"x144.0  117.34  800 824 840 880  450 451 454 463 doublescan +hsync -vsync (133.3 kHz d)
[     9.251] (II) modeset(0): Modeline "640x512"x144.0  129.56  640 664 720 844  512 512 514 533 doublescan +hsync +vsync (153.5 kHz d)
[     9.251] (II) modeset(0): Modeline "700x450"x144.0  104.01  700 724 740 780  450 451 456 463 doublescan +hsync -vsync (133.3 kHz d)
[     9.251] (II) modeset(0): Modeline "640x480"x144.0   60.48  640 656 752 800  480 490 492 525 -hsync -vsync (75.6 kHz d)
[     9.251] (II) modeset(0): Modeline "720x405"x144.0   53.10  720 768 800 880  405 408 413 419 +hsync -vsync (60.3 kHz d)
[     9.251] (II) modeset(0): Modeline "720x400"x144.0   60.12  720 756 828 936  400 401 404 446 -hsync +vsync (64.2 kHz d)
[     9.251] (II) modeset(0): Modeline "684x384"x144.0   86.91  684 708 724 764  384 385 390 395 doublescan +hsync -vsync (113.8 kHz d)
[     9.251] (II) modeset(0): Modeline "640x400"x144.0   53.31  640 672 736 832  400 401 404 445 -hsync +vsync (64.1 kHz d)
[     9.251] (II) modeset(0): Modeline "576x432"x144.0  103.68  576 608 672 800  432 432 434 450 doublescan +hsync +vsync (129.6 kHz d)
[     9.251] (II) modeset(0): Modeline "640x360"x144.0   43.09  640 688 720 800  360 363 368 374 +hsync -vsync (53.9 kHz d)
[     9.251] (II) modeset(0): Modeline "640x350"x144.0   53.31  640 672 736 832  350 382 385 445 +hsync -vsync (64.1 kHz d)
[     9.251] (II) modeset(0): Modeline "512x384"x144.0   78.00  512 524 592 672  384 385 388 403 doublescan -hsync -vsync (116.1 kHz d)
[     9.251] (II) modeset(0): Modeline "512x384i"x144.0   37.13  512 516 604 632  384 384 388 408 interlace doublescan +hsync +vsync (58.8 kHz d)
[     9.251] (II) modeset(0): Modeline "512x288"x144.0   50.47  512 536 552 592  288 289 292 296 doublescan +hsync -vsync (85.2 kHz d)
[     9.251] (II) modeset(0): Modeline "416x312"x144.0   55.24  416 432 464 576  312 312 314 333 doublescan -hsync -vsync (95.9 kHz d)
[     9.251] (II) modeset(0): Modeline "480x270"x144.0   44.84  480 504 520 560  270 271 274 278 doublescan +hsync -vsync (80.1 kHz d)
[     9.251] (II) modeset(0): Modeline "400x300"x144.0   46.01  400 412 448 512  300 300 301 312 doublescan +hsync +vsync (89.9 kHz d)
[     9.251] (II) modeset(0): Modeline "432x243"x144.0   36.86  432 456 472 512  243 244 247 250 doublescan +hsync -vsync (72.0 kHz d)
[     9.251] (II) modeset(0): Modeline "320x240"x144.0   30.18  320 328 376 400  240 245 246 262 doublescan -hsync -vsync (75.5 kHz d)
[     9.251] (II) modeset(0): Modeline "360x202"x144.0   26.48  360 384 400 440  202 204 206 209 doublescan +hsync -vsync (60.2 kHz d)
[     9.251] (II) modeset(0): Modeline "360x200"x144.0   30.06  360 378 414 468  200 200 202 223 doublescan -hsync +vsync (64.2 kHz d)
[     9.251] (II) modeset(0): Modeline "320x200"x144.0   26.60  320 336 368 416  200 200 202 222 doublescan -hsync +vsync (63.9 kHz d)
[     9.251] (II) modeset(0): Modeline "320x180"x144.0   21.54  320 344 360 400  180 181 184 187 doublescan +hsync -vsync (53.9 kHz d)
[     9.251] (II) modeset(0): Modeline "320x175"x144.0   26.60  320 336 368 416  175 191 192 222 doublescan +hsync -vsync (63.9 kHz d)
[     9.251] (II) modeset(0): Output eDP-1 connected
[     9.251] (II) modeset(0): Using exact sizes for initial modes
[     9.251] (II) modeset(0): Output eDP-1 using initial mode 1920x1080 +0+0
[     9.251] (==) modeset(0): Using gamma correction (1.0, 1.0, 1.0)
[     9.251] (==) modeset(0): DPI set to (96, 96)
[     9.251] (II) Loading sub module "fb"
[     9.251] (II) LoadModule: "fb"
[     9.251] (II) Module "fb" already built-in
[     9.251] (==) NVIDIA(G0): Depth 24, (==) framebuffer bpp 32
[     9.251] (==) NVIDIA(G0): RGB weight 888
[     9.251] (==) NVIDIA(G0): Default visual is TrueColor
[     9.251] (==) NVIDIA(G0): Using gamma correction (1.0, 1.0, 1.0)
[     9.252] (**) Option "AllowNVIDIAGpuScreens"
[     9.252] (II) Applying OutputClass "nvidia" options to /dev/dri/card2
[     9.252] (**) NVIDIA(G0): Option "AllowEmptyInitialConfiguration"
[     9.252] (**) NVIDIA(G0): Enabling 2D acceleration
[     9.252] (II) Loading sub module "glxserver_nvidia"
[     9.252] (II) LoadModule: "glxserver_nvidia"
[     9.252] (II) Loading /usr/lib/x86_64-linux-gnu/nvidia/xorg/libglxserver_nvidia.so
[     9.287] (II) Module glxserver_nvidia: vendor="NVIDIA Corporation"
[     9.287] 	compiled for 1.6.99.901, module version = 1.0.0
[     9.287] 	Module class: X.Org Server Extension
[     9.287] (II) NVIDIA GLX Module  570.133.20  Sun Apr 13 04:26:07 UTC 2025
[     9.288] (II) NVIDIA: The X server supports PRIME Render Offload.
[    10.551] (--) NVIDIA(0): Valid display device(s) on GPU-0 at PCI:1:0:0
[    10.551] (--) NVIDIA(0):     DFP-0 (boot)
[    10.551] (--) NVIDIA(0):     DFP-1
[    10.551] (--) NVIDIA(0):     DFP-2
[    10.557] (II) NVIDIA(G0): NVIDIA GPU NVIDIA GeForce GTX 1650 (TU117-A) at PCI:1:0:0
[    10.557] (II) NVIDIA(G0):     (GPU-0)
[    10.557] (--) NVIDIA(G0): Memory: 4194304 kBytes
[    10.557] (--) NVIDIA(G0): VideoBIOS: 90.17.4b.00.22
[    10.557] (II) NVIDIA(G0): Detected PCI Express Link width: 16X
[    10.603] (--) NVIDIA(GPU-0): HP W1972a (DFP-0): connected
[    10.603] (--) NVIDIA(GPU-0): HP W1972a (DFP-0): Internal TMDS
[    10.603] (--) NVIDIA(GPU-0): HP W1972a (DFP-0): 600.0 MHz maximum pixel clock
[    10.603] (--) NVIDIA(GPU-0): 
[    10.603] (--) NVIDIA(GPU-0): DFP-1: disconnected
[    10.603] (--) NVIDIA(GPU-0): DFP-1: Internal DisplayPort
[    10.603] (--) NVIDIA(GPU-0): DFP-1: 2660.0 MHz maximum pixel clock
[    10.603] (--) NVIDIA(GPU-0): 
[    10.603] (--) NVIDIA(GPU-0): DFP-2: disconnected
[    10.603] (--) NVIDIA(GPU-0): DFP-2: Internal TMDS
[    10.603] (--) NVIDIA(GPU-0): DFP-2: 165.0 MHz maximum pixel clock
[    10.603] (--) NVIDIA(GPU-0): 
[    10.622] (II) NVIDIA(G0): Validated MetaModes:
[    10.622] (II) NVIDIA(G0):     "NULL"
[    10.622] (II) NVIDIA(G0): Virtual screen size determined to be 640 x 480
[    10.702] (WW) NVIDIA(G0): Cannot find size of first mode for HP W1972a (DFP-0); cannot
[    10.702] (WW) NVIDIA(G0):     compute DPI from HP W1972a (DFP-0)'s EDID.
[    10.702] (==) NVIDIA(G0): DPI set to (75, 75); computed from built-in default
[    10.702] (II) UnloadModule: "nouveau"
[    10.702] (II) Unloading nouveau
[    10.702] (II) UnloadModule: "fbdev"
[    10.702] (II) Unloading fbdev
[    10.702] (II) UnloadSubModule: "fbdevhw"
[    10.702] (II) Unloading fbdevhw
[    10.702] (II) UnloadModule: "vesa"
[    10.702] (II) Unloading vesa
[    10.778] (==) modeset(0): Backing store enabled
[    10.778] (==) modeset(0): Silken mouse enabled
[    10.820] (II) modeset(0): Initializing kms color map for depth 24, 8 bpc.
[    10.820] (==) modeset(0): DPMS enabled
[    10.820] (II) modeset(0): [DRI2] Setup complete
[    10.820] (II) modeset(0): [DRI2]   DRI driver: iris
[    10.820] (II) modeset(0): [DRI2]   VDPAU driver: va_gl
[    10.820] (II) NVIDIA: Reserving 24576.00 MB of virtual memory for indirect memory
[    10.820] (II) NVIDIA:     access.
[    10.829] (II) NVIDIA(G0): ACPI: failed to connect to the ACPI event daemon; the daemon
[    10.829] (II) NVIDIA(G0):     may not be running or the "AcpidSocketPath" X
[    10.829] (II) NVIDIA(G0):     configuration option may not be set correctly.  When the
[    10.829] (II) NVIDIA(G0):     ACPI event daemon is available, the NVIDIA X driver will
[    10.829] (II) NVIDIA(G0):     try to use it to receive ACPI event notifications.  For
[    10.829] (II) NVIDIA(G0):     details, please see the "ConnectToAcpid" and
[    10.829] (II) NVIDIA(G0):     "AcpidSocketPath" X configuration options in Appendix B: X
[    10.829] (II) NVIDIA(G0):     Config Options in the README.
[    10.842] (II) NVIDIA(G0): Setting mode "NULL"
[    10.865] (==) NVIDIA(G0): Disabling shared memory pixmaps
[    10.865] (==) NVIDIA(G0): Backing store enabled
[    10.865] (==) NVIDIA(G0): Silken mouse enabled
[    10.865] (==) NVIDIA(G0): DPMS enabled
[    10.865] (II) Loading sub module "dri2"
[    10.865] (II) LoadModule: "dri2"
[    10.865] (II) Module "dri2" already built-in
[    10.865] (II) NVIDIA(G0): [DRI2] Setup complete
[    10.865] (II) NVIDIA(G0): [DRI2]   VDPAU driver: nvidia
[    10.865] (II) Initializing extension Generic Event Extension
[    10.865] (II) Initializing extension SHAPE
[    10.865] (II) Initializing extension MIT-SHM
[    10.865] (II) Initializing extension XInputExtension
[    10.866] (II) Initializing extension XTEST
[    10.866] (II) Initializing extension BIG-REQUESTS
[    10.866] (II) Initializing extension SYNC
[    10.866] (II) Initializing extension XKEYBOARD
[    10.866] (II) Initializing extension XC-MISC
[    10.866] (II) Initializing extension SECURITY
[    10.866] (II) Initializing extension XFIXES
[    10.866] (II) Initializing extension RENDER
[    10.866] (II) Initializing extension RANDR
[    10.866] (II) Initializing extension COMPOSITE
[    10.866] (II) Initializing extension DAMAGE
[    10.866] (II) Initializing extension MIT-SCREEN-SAVER
[    10.867] (II) Initializing extension DOUBLE-BUFFER
[    10.867] (II) Initializing extension RECORD
[    10.867] (II) Initializing extension DPMS
[    10.867] (II) Initializing extension Present
[    10.867] (II) Initializing extension DRI3
[    10.867] (II) Initializing extension X-Resource
[    10.867] (II) Initializing extension XVideo
[    10.867] (II) Initializing extension XVideo-MotionCompensation
[    10.867] (II) Initializing extension SELinux
[    10.867] (II) SELinux: Disabled on system
[    10.867] (II) Initializing extension GLX
[    10.867] (II) Initializing extension GLX
[    10.867] (II) Indirect GLX disabled.
[    10.875] (II) AIGLX: Loaded and initialized iris
[    10.875] (II) GLX: Initialized DRI2 GL provider for screen 0
[    10.875] (II) Initializing extension XFree86-VidModeExtension
[    10.875] (II) Initializing extension XFree86-DGA
[    10.875] (II) Initializing extension XFree86-DRI
[    10.875] (II) Initializing extension DRI2
[    10.875] (II) Initializing extension NV-GLX
[    10.876] (II) Initializing extension NV-CONTROL
[    10.876] (II) modeset(0): Damage tracking initialized
[    10.876] (II) modeset(0): Setting screen physical size to 508 x 285
[    10.915] (II) config/udev: Adding input device Power Button (/dev/input/event3)
[    10.915] (**) Power Button: Applying InputClass "libinput keyboard catchall"
[    10.915] (II) LoadModule: "libinput"
[    10.915] (II) Loading /usr/lib/xorg/modules/input/libinput_drv.so
[    10.918] (II) Module libinput: vendor="X.Org Foundation"
[    10.918] 	compiled for 1.21.1.11, module version = 1.4.0
[    10.918] 	Module class: X.Org XInput Driver
[    10.918] 	ABI class: X.Org XInput driver, version 24.4
[    10.918] (II) Using input driver 'libinput' for 'Power Button'
[    10.919] (II) systemd-logind: got fd for /dev/input/event3 13:67 fd 43 paused 0
[    10.919] (**) Power Button: always reports core events
[    10.919] (**) Option "Device" "/dev/input/event3"
[    10.922] (II) event3  - Power Button: is tagged by udev as: Keyboard
[    10.922] (II) event3  - Power Button: device is a keyboard
[    10.922] (II) event3  - Power Button: device removed
[    10.922] (**) Option "config_info" "udev:/sys/devices/LNXSYSTM:00/LNXPWRBN:00/input/input3/event3"
[    10.922] (II) XINPUT: Adding extended input device "Power Button" (type: KEYBOARD, id 6)
[    10.922] (**) Option "xkb_model" "pc105"
[    10.922] (**) Option "xkb_layout" "us"
[    10.923] (II) event3  - Power Button: is tagged by udev as: Keyboard
[    10.923] (II) event3  - Power Button: device is a keyboard
[    10.923] (II) config/udev: Adding input device Asus Wireless Radio Control (/dev/input/event8)
[    10.923] (**) Asus Wireless Radio Control: Applying InputClass "libinput keyboard catchall"
[    10.923] (II) Using input driver 'libinput' for 'Asus Wireless Radio Control'
[    10.924] (II) systemd-logind: got fd for /dev/input/event8 13:72 fd 46 paused 0
[    10.924] (**) Asus Wireless Radio Control: always reports core events
[    10.924] (**) Option "Device" "/dev/input/event8"
[    10.924] (II) event8  - Asus Wireless Radio Control: is tagged by udev as: Keyboard
[    10.924] (II) event8  - Asus Wireless Radio Control: device is a keyboard
[    10.924] (II) event8  - Asus Wireless Radio Control: device removed
[    10.924] (**) Option "config_info" "udev:/sys/devices/LNXSYSTM:00/LNXSYBUS:00/ATK4002:00/input/input10/event8"
[    10.925] (II) XINPUT: Adding extended input device "Asus Wireless Radio Control" (type: KEYBOARD, id 7)
[    10.925] (**) Option "xkb_model" "pc105"
[    10.925] (**) Option "xkb_layout" "us"
[    10.925] (II) event8  - Asus Wireless Radio Control: is tagged by udev as: Keyboard
[    10.925] (II) event8  - Asus Wireless Radio Control: device is a keyboard
[    10.925] (II) config/udev: Adding input device Video Bus (/dev/input/event14)
[    10.925] (**) Video Bus: Applying InputClass "libinput keyboard catchall"
[    10.926] (II) Using input driver 'libinput' for 'Video Bus'
[    10.926] (II) systemd-logind: got fd for /dev/input/event14 13:78 fd 47 paused 0
[    10.926] (**) Video Bus: always reports core events
[    10.926] (**) Option "Device" "/dev/input/event14"
[    10.926] (II) event14 - Video Bus: is tagged by udev as: Keyboard
[    10.926] (II) event14 - Video Bus: device is a keyboard
[    10.926] (II) event14 - Video Bus: device removed
[    10.926] (**) Option "config_info" "udev:/sys/devices/LNXSYSTM:00/LNXSYBUS:00/PNP0A08:00/LNXVIDEO:00/input/input16/event14"
[    10.926] (II) XINPUT: Adding extended input device "Video Bus" (type: KEYBOARD, id 8)
[    10.926] (**) Option "xkb_model" "pc105"
[    10.926] (**) Option "xkb_layout" "us"
[    10.927] (II) event14 - Video Bus: is tagged by udev as: Keyboard
[    10.927] (II) event14 - Video Bus: device is a keyboard
[    10.927] (II) config/udev: Adding input device Video Bus (/dev/input/event15)
[    10.928] (**) Video Bus: Applying InputClass "libinput keyboard catchall"
[    10.928] (II) Using input driver 'libinput' for 'Video Bus'
[    10.928] (II) systemd-logind: got fd for /dev/input/event15 13:79 fd 48 paused 0
[    10.928] (**) Video Bus: always reports core events
[    10.928] (**) Option "Device" "/dev/input/event15"
[    10.928] (II) event15 - Video Bus: is tagged by udev as: Keyboard
[    10.929] (II) event15 - Video Bus: device is a keyboard
[    10.929] (II) event15 - Video Bus: device removed
[    10.929] (**) Option "config_info" "udev:/sys/devices/LNXSYSTM:00/LNXSYBUS:00/PNP0A08:00/device:13/LNXVIDEO:01/input/input17/event15"
[    10.929] (II) XINPUT: Adding extended input device "Video Bus" (type: KEYBOARD, id 9)
[    10.929] (**) Option "xkb_model" "pc105"
[    10.929] (**) Option "xkb_layout" "us"
[    10.929] (II) event15 - Video Bus: is tagged by udev as: Keyboard
[    10.929] (II) event15 - Video Bus: device is a keyboard
[    10.930] (II) config/udev: Adding input device Power Button (/dev/input/event2)
[    10.930] (**) Power Button: Applying InputClass "libinput keyboard catchall"
[    10.930] (II) Using input driver 'libinput' for 'Power Button'
[    10.930] (II) systemd-logind: got fd for /dev/input/event2 13:66 fd 49 paused 0
[    10.930] (**) Power Button: always reports core events
[    10.930] (**) Option "Device" "/dev/input/event2"
[    10.931] (II) event2  - Power Button: is tagged by udev as: Keyboard
[    10.931] (II) event2  - Power Button: device is a keyboard
[    10.931] (II) event2  - Power Button: device removed
[    10.931] (**) Option "config_info" "udev:/sys/devices/LNXSYSTM:00/LNXSYBUS:00/PNP0C0C:00/input/input2/event2"
[    10.931] (II) XINPUT: Adding extended input device "Power Button" (type: KEYBOARD, id 10)
[    10.931] (**) Option "xkb_model" "pc105"
[    10.931] (**) Option "xkb_layout" "us"
[    10.931] (II) event2  - Power Button: is tagged by udev as: Keyboard
[    10.931] (II) event2  - Power Button: device is a keyboard
[    10.932] (II) config/udev: Adding input device Lid Switch (/dev/input/event1)
[    10.932] (II) No input driver specified, ignoring this device.
[    10.932] (II) This device may have been added with another device file.
[    10.932] (II) config/udev: Adding input device Sleep Button (/dev/input/event0)
[    10.932] (**) Sleep Button: Applying InputClass "libinput keyboard catchall"
[    10.932] (II) Using input driver 'libinput' for 'Sleep Button'
[    10.932] (II) systemd-logind: got fd for /dev/input/event0 13:64 fd 50 paused 0
[    10.932] (**) Sleep Button: always reports core events
[    10.932] (**) Option "Device" "/dev/input/event0"
[    10.933] (II) event0  - Sleep Button: is tagged by udev as: Keyboard
[    10.933] (II) event0  - Sleep Button: device is a keyboard
[    10.933] (II) event0  - Sleep Button: device removed
[    10.933] (**) Option "config_info" "udev:/sys/devices/LNXSYSTM:00/LNXSYBUS:00/PNP0C0E:00/input/input0/event0"
[    10.933] (II) XINPUT: Adding extended input device "Sleep Button" (type: KEYBOARD, id 11)
[    10.933] (**) Option "xkb_model" "pc105"
[    10.933] (**) Option "xkb_layout" "us"
[    10.934] (II) event0  - Sleep Button: is tagged by udev as: Keyboard
[    10.934] (II) event0  - Sleep Button: device is a keyboard
[    10.934] (II) config/udev: Adding input device HDA NVidia HDMI/DP,pcm=3 (/dev/input/event10)
[    10.934] (II) No input driver specified, ignoring this device.
[    10.934] (II) This device may have been added with another device file.
[    10.934] (II) config/udev: Adding input device HDA NVidia HDMI/DP,pcm=7 (/dev/input/event11)
[    10.934] (II) No input driver specified, ignoring this device.
[    10.934] (II) This device may have been added with another device file.
[    10.935] (II) config/udev: Adding input device HDA NVidia HDMI/DP,pcm=8 (/dev/input/event12)
[    10.935] (II) No input driver specified, ignoring this device.
[    10.935] (II) This device may have been added with another device file.
[    10.935] (II) config/udev: Adding input device HDA NVidia HDMI/DP,pcm=9 (/dev/input/event13)
[    10.935] (II) No input driver specified, ignoring this device.
[    10.935] (II) This device may have been added with another device file.
[    10.935] (II) config/udev: Adding input device Logitech USB Optical Mouse (/dev/input/event7)
[    10.935] (**) Logitech USB Optical Mouse: Applying InputClass "libinput pointer catchall"
[    10.935] (II) Using input driver 'libinput' for 'Logitech USB Optical Mouse'
[    10.936] (II) systemd-logind: got fd for /dev/input/event7 13:71 fd 51 paused 0
[    10.936] (**) Logitech USB Optical Mouse: always reports core events
[    10.936] (**) Option "Device" "/dev/input/event7"
[    10.937] (II) event7  - Logitech USB Optical Mouse: is tagged by udev as: Mouse
[    10.937] (II) event7  - Logitech USB Optical Mouse: device is a pointer
[    10.937] (II) event7  - Logitech USB Optical Mouse: device removed
[    10.937] (II) libinput: Logitech USB Optical Mouse: Step value 0 was provided, libinput Fallback acceleration function is used.
[    10.937] (II) libinput: Logitech USB Optical Mouse: Step value 0 was provided, libinput Fallback acceleration function is used.
[    10.937] (II) libinput: Logitech USB Optical Mouse: Step value 0 was provided, libinput Fallback acceleration function is used.
[    10.937] (**) Option "config_info" "udev:/sys/devices/pci0000:00/0000:00:14.0/usb1/1-1/1-1:1.0/0003:046D:C077.0002/input/input9/event7"
[    10.937] (II) XINPUT: Adding extended input device "Logitech USB Optical Mouse" (type: MOUSE, id 12)
[    10.937] (**) Option "AccelerationScheme" "none"
[    10.937] (**) Logitech USB Optical Mouse: (accel) selected scheme none/0
[    10.937] (**) Logitech USB Optical Mouse: (accel) acceleration factor: 2.000
[    10.937] (**) Logitech USB Optical Mouse: (accel) acceleration threshold: 4
[    10.938] (II) event7  - Logitech USB Optical Mouse: is tagged by udev as: Mouse
[    10.938] (II) event7  - Logitech USB Optical Mouse: device is a pointer
[    10.939] (II) config/udev: Adding input device Logitech USB Optical Mouse (/dev/input/mouse2)
[    10.939] (II) No input driver specified, ignoring this device.
[    10.939] (II) This device may have been added with another device file.
[    10.939] (II) config/udev: Adding input device ELAN1203:00 04F3:307A Mouse (/dev/input/event5)
[    10.939] (**) ELAN1203:00 04F3:307A Mouse: Applying InputClass "libinput pointer catchall"
[    10.939] (II) Using input driver 'libinput' for 'ELAN1203:00 04F3:307A Mouse'
[    10.939] (II) systemd-logind: got fd for /dev/input/event5 13:69 fd 52 paused 0
[    10.939] (**) ELAN1203:00 04F3:307A Mouse: always reports core events
[    10.939] (**) Option "Device" "/dev/input/event5"
[    10.940] (II) event5  - ELAN1203:00 04F3:307A Mouse: is tagged by udev as: Mouse Pointingstick
[    10.940] (II) event5  - ELAN1203:00 04F3:307A Mouse: device is a pointer
[    10.941] (II) event5  - ELAN1203:00 04F3:307A Mouse: device removed
[    10.941] (II) libinput: ELAN1203:00 04F3:307A Mouse: Step value 0 was provided, libinput Fallback acceleration function is used.
[    10.941] (II) libinput: ELAN1203:00 04F3:307A Mouse: Step value 0 was provided, libinput Fallback acceleration function is used.
[    10.941] (II) libinput: ELAN1203:00 04F3:307A Mouse: Step value 0 was provided, libinput Fallback acceleration function is used.
[    10.941] (**) Option "config_info" "udev:/sys/devices/pci0000:00/0000:00:15.0/i2c_designware.0/i2c-0/i2c-ELAN1203:00/0018:04F3:307A.0001/input/input7/event5"
[    10.941] (II) XINPUT: Adding extended input device "ELAN1203:00 04F3:307A Mouse" (type: MOUSE, id 13)
[    10.941] (**) Option "AccelerationScheme" "none"
[    10.941] (**) ELAN1203:00 04F3:307A Mouse: (accel) selected scheme none/0
[    10.941] (**) ELAN1203:00 04F3:307A Mouse: (accel) acceleration factor: 2.000
[    10.941] (**) ELAN1203:00 04F3:307A Mouse: (accel) acceleration threshold: 4
[    10.941] (II) event5  - ELAN1203:00 04F3:307A Mouse: is tagged by udev as: Mouse Pointingstick
[    10.942] (II) event5  - ELAN1203:00 04F3:307A Mouse: device is a pointer
[    10.942] (II) config/udev: Adding input device ELAN1203:00 04F3:307A Mouse (/dev/input/mouse0)
[    10.942] (II) No input driver specified, ignoring this device.
[    10.942] (II) This device may have been added with another device file.
[    10.943] (II) config/udev: Adding input device ELAN1203:00 04F3:307A Touchpad (/dev/input/event6)
[    10.943] (**) ELAN1203:00 04F3:307A Touchpad: Applying InputClass "libinput touchpad catchall"
[    10.943] (II) Using input driver 'libinput' for 'ELAN1203:00 04F3:307A Touchpad'
[    10.943] (II) systemd-logind: got fd for /dev/input/event6 13:70 fd 53 paused 0
[    10.943] (**) ELAN1203:00 04F3:307A Touchpad: always reports core events
[    10.943] (**) Option "Device" "/dev/input/event6"
[    10.944] (II) event6  - ELAN1203:00 04F3:307A Touchpad: is tagged by udev as: Touchpad
[    10.945] (II) event6  - ELAN1203:00 04F3:307A Touchpad: device is a touchpad
[    10.945] (II) event6  - ELAN1203:00 04F3:307A Touchpad: device removed
[    10.945] (II) libinput: ELAN1203:00 04F3:307A Touchpad: Step value 0 was provided, libinput Fallback acceleration function is used.
[    10.945] (II) libinput: ELAN1203:00 04F3:307A Touchpad: Step value 0 was provided, libinput Fallback acceleration function is used.
[    10.945] (II) libinput: ELAN1203:00 04F3:307A Touchpad: Step value 0 was provided, libinput Fallback acceleration function is used.
[    10.945] (**) Option "config_info" "udev:/sys/devices/pci0000:00/0000:00:15.0/i2c_designware.0/i2c-0/i2c-ELAN1203:00/0018:04F3:307A.0001/input/input8/event6"
[    10.945] (II) XINPUT: Adding extended input device "ELAN1203:00 04F3:307A Touchpad" (type: TOUCHPAD, id 14)
[    10.946] (**) Option "AccelerationScheme" "none"
[    10.946] (**) ELAN1203:00 04F3:307A Touchpad: (accel) selected scheme none/0
[    10.946] (**) ELAN1203:00 04F3:307A Touchpad: (accel) acceleration factor: 2.000
[    10.946] (**) ELAN1203:00 04F3:307A Touchpad: (accel) acceleration threshold: 4
[    10.946] (II) event6  - ELAN1203:00 04F3:307A Touchpad: is tagged by udev as: Touchpad
[    10.947] (II) event6  - ELAN1203:00 04F3:307A Touchpad: device is a touchpad
[    10.948] (II) config/udev: Adding input device ELAN1203:00 04F3:307A Touchpad (/dev/input/mouse1)
[    10.948] (II) No input driver specified, ignoring this device.
[    10.948] (II) This device may have been added with another device file.
[    10.948] (II) config/udev: Adding input device HDA Intel PCH Headphone (/dev/input/event16)
[    10.948] (II) No input driver specified, ignoring this device.
[    10.948] (II) This device may have been added with another device file.
[    10.948] (II) config/udev: Adding input device HDA Intel PCH HDMI/DP,pcm=3 (/dev/input/event17)
[    10.948] (II) No input driver specified, ignoring this device.
[    10.948] (II) This device may have been added with another device file.
[    10.948] (II) config/udev: Adding input device HDA Intel PCH HDMI/DP,pcm=7 (/dev/input/event18)
[    10.948] (II) No input driver specified, ignoring this device.
[    10.948] (II) This device may have been added with another device file.
[    10.949] (II) config/udev: Adding input device HDA Intel PCH HDMI/DP,pcm=8 (/dev/input/event19)
[    10.949] (II) No input driver specified, ignoring this device.
[    10.949] (II) This device may have been added with another device file.
[    10.949] (II) config/udev: Adding input device Asus WMI hotkeys (/dev/input/event9)
[    10.949] (**) Asus WMI hotkeys: Applying InputClass "libinput keyboard catchall"
[    10.949] (II) Using input driver 'libinput' for 'Asus WMI hotkeys'
[    10.949] (II) systemd-logind: got fd for /dev/input/event9 13:73 fd 54 paused 0
[    10.949] (**) Asus WMI hotkeys: always reports core events
[    10.949] (**) Option "Device" "/dev/input/event9"
[    10.950] (II) event9  - Asus WMI hotkeys: is tagged by udev as: Keyboard
[    10.950] (II) event9  - Asus WMI hotkeys: device is a keyboard
[    10.950] (II) event9  - Asus WMI hotkeys: device removed
[    10.950] (**) Option "config_info" "udev:/sys/devices/platform/asus-nb-wmi/input/input11/event9"
[    10.950] (II) XINPUT: Adding extended input device "Asus WMI hotkeys" (type: KEYBOARD, id 15)
[    10.950] (**) Option "xkb_model" "pc105"
[    10.950] (**) Option "xkb_layout" "us"
[    10.950] (II) event9  - Asus WMI hotkeys: is tagged by udev as: Keyboard
[    10.950] (II) event9  - Asus WMI hotkeys: device is a keyboard
[    10.951] (II) config/udev: Adding input device AT Translated Set 2 keyboard (/dev/input/event4)
[    10.951] (**) AT Translated Set 2 keyboard: Applying InputClass "libinput keyboard catchall"
[    10.951] (II) Using input driver 'libinput' for 'AT Translated Set 2 keyboard'
[    10.951] (II) systemd-logind: got fd for /dev/input/event4 13:68 fd 55 paused 0
[    10.951] (**) AT Translated Set 2 keyboard: always reports core events
[    10.951] (**) Option "Device" "/dev/input/event4"
[    10.952] (II) event4  - AT Translated Set 2 keyboard: is tagged by udev as: Keyboard
[    10.952] (II) event4  - AT Translated Set 2 keyboard: device is a keyboard
[    10.952] (II) event4  - AT Translated Set 2 keyboard: device removed
[    10.952] (**) Option "config_info" "udev:/sys/devices/platform/i8042/serio0/input/input4/event4"
[    10.952] (II) XINPUT: Adding extended input device "AT Translated Set 2 keyboard" (type: KEYBOARD, id 16)
[    10.952] (**) Option "xkb_model" "pc105"
[    10.952] (**) Option "xkb_layout" "us"
[    10.953] (II) event4  - AT Translated Set 2 keyboard: is tagged by udev as: Keyboard
[    10.953] (II) event4  - AT Translated Set 2 keyboard: device is a keyboard
[    11.357] (II) modeset(0): EDID vendor "CMN", prod id 5409
[    11.357] (II) modeset(0): Using EDID range info for horizontal sync
[    11.357] (II) modeset(0): Using EDID range info for vertical refresh
[    11.357] (II) modeset(0): Printing DDC gathered Modelines:
[    11.357] (II) modeset(0): Modeline "1920x1080"x0.0  342.06  1920 1968 2000 2080  1080 1090 1095 1142 -hsync -vsync (164.5 kHz eP)
[    11.357] (II) modeset(0): Modeline "1920x1080"x0.0  142.53  1920 1968 2000 2080  1080 1090 1095 1142 -hsync -vsync (68.5 kHz e)
[    11.364] (II) modeset(0): EDID vendor "CMN", prod id 5409
[    11.364] (II) modeset(0): Using hsync ranges from config file
[    11.364] (II) modeset(0): Using vrefresh ranges from config file
[    11.364] (II) modeset(0): Printing DDC gathered Modelines:
[    11.364] (II) modeset(0): Modeline "1920x1080"x0.0  342.06  1920 1968 2000 2080  1080 1090 1095 1142 -hsync -vsync (164.5 kHz eP)
[    11.364] (II) modeset(0): Modeline "1920x1080"x0.0  142.53  1920 1968 2000 2080  1080 1090 1095 1142 -hsync -vsync (68.5 kHz e)
[    11.410] (--) NVIDIA(GPU-0): HP W1972a (DFP-0): connected
[    11.410] (--) NVIDIA(GPU-0): HP W1972a (DFP-0): Internal TMDS
[    11.410] (--) NVIDIA(GPU-0): HP W1972a (DFP-0): 600.0 MHz maximum pixel clock
[    11.410] (--) NVIDIA(GPU-0): 
[    11.410] (--) NVIDIA(GPU-0): DFP-1: disconnected
[    11.410] (--) NVIDIA(GPU-0): DFP-1: Internal DisplayPort
[    11.410] (--) NVIDIA(GPU-0): DFP-1: 2660.0 MHz maximum pixel clock
[    11.410] (--) NVIDIA(GPU-0): 
[    11.410] (--) NVIDIA(GPU-0): DFP-2: disconnected
[    11.410] (--) NVIDIA(GPU-0): DFP-2: Internal TMDS
[    11.410] (--) NVIDIA(GPU-0): DFP-2: 165.0 MHz maximum pixel clock
[    11.410] (--) NVIDIA(GPU-0): 
[    11.532] (II) modeset(0): Allocate new frame buffer 3286x1080 stride
[    11.584] (II) NVIDIA(G0): Setting mode "HDMI-1-0: nvidia-auto-select @1366x768 +1920+0 {AllowGSYNC=Off, ViewPortIn=1366x768, ViewPortOut=1366x768+0+0}"
[    11.788] (II) modeset(0): EDID vendor "CMN", prod id 5409
[    11.788] (II) modeset(0): Using hsync ranges from config file
[    11.788] (II) modeset(0): Using vrefresh ranges from config file
[    11.788] (II) modeset(0): Printing DDC gathered Modelines:
[    11.788] (II) modeset(0): Modeline "1920x1080"x0.0  342.06  1920 1968 2000 2080  1080 1090 1095 1142 -hsync -vsync (164.5 kHz eP)
[    11.788] (II) modeset(0): Modeline "1920x1080"x0.0  142.53  1920 1968 2000 2080  1080 1090 1095 1142 -hsync -vsync (68.5 kHz e)
[    11.795] (II) modeset(0): EDID vendor "CMN", prod id 5409
[    11.795] (II) modeset(0): Using hsync ranges from config file
[    11.795] (II) modeset(0): Using vrefresh ranges from config file
[    11.795] (II) modeset(0): Printing DDC gathered Modelines:
[    11.795] (II) modeset(0): Modeline "1920x1080"x0.0  342.06  1920 1968 2000 2080  1080 1090 1095 1142 -hsync -vsync (164.5 kHz eP)
[    11.795] (II) modeset(0): Modeline "1920x1080"x0.0  142.53  1920 1968 2000 2080  1080 1090 1095 1142 -hsync -vsync (68.5 kHz e)
[    11.840] (--) NVIDIA(GPU-0): HP W1972a (DFP-0): connected
[    11.840] (--) NVIDIA(GPU-0): HP W1972a (DFP-0): Internal TMDS
[    11.840] (--) NVIDIA(GPU-0): HP W1972a (DFP-0): 600.0 MHz maximum pixel clock
[    11.840] (--) NVIDIA(GPU-0): 
[    11.840] (--) NVIDIA(GPU-0): DFP-1: disconnected
[    11.840] (--) NVIDIA(GPU-0): DFP-1: Internal DisplayPort
[    11.840] (--) NVIDIA(GPU-0): DFP-1: 2660.0 MHz maximum pixel clock
[    11.840] (--) NVIDIA(GPU-0): 
[    11.841] (--) NVIDIA(GPU-0): DFP-2: disconnected
[    11.841] (--) NVIDIA(GPU-0): DFP-2: Internal TMDS
[    11.841] (--) NVIDIA(GPU-0): DFP-2: 165.0 MHz maximum pixel clock
[    11.841] (--) NVIDIA(GPU-0): 
[   106.149] (**) Option "fd" "43"
[   106.149] (II) event3  - Power Button: device removed
[   106.149] (**) Option "fd" "46"
[   106.149] (II) event8  - Asus Wireless Radio Control: device removed
[   106.149] (**) Option "fd" "47"
[   106.149] (II) event14 - Video Bus: device removed
[   106.149] (**) Option "fd" "48"
[   106.149] (II) event15 - Video Bus: device removed
[   106.149] (**) Option "fd" "49"
[   106.149] (II) event2  - Power Button: device removed
[   106.149] (**) Option "fd" "50"
[   106.149] (II) event0  - Sleep Button: device removed
[   106.149] (**) Option "fd" "51"
[   106.149] (II) event7  - Logitech USB Optical Mouse: device removed
[   106.149] (**) Option "fd" "52"
[   106.149] (II) event5  - ELAN1203:00 04F3:307A Mouse: device removed
[   106.150] (**) Option "fd" "53"
[   106.150] (II) event6  - ELAN1203:00 04F3:307A Touchpad: device removed
[   106.150] (**) Option "fd" "54"
[   106.150] (II) event9  - Asus WMI hotkeys: device removed
[   106.150] (**) Option "fd" "55"
[   106.150] (II) event4  - AT Translated Set 2 keyboard: device removed
[   106.150] (II) AIGLX: Suspending AIGLX clients for VT switch
[   106.457] (II) systemd-logind: drop master for 226:1
[   106.470] (EE) modeset(0): Failed to set CTM property: -13
[   106.470] (EE) modeset(0): failed to set mode: No such file or directory
[   106.470] (II) systemd-logind: got pause for 13:78
[   106.470] (II) systemd-logind: got pause for 13:70
[   106.470] (II) systemd-logind: got pause for 13:67
[   106.470] (II) systemd-logind: got pause for 13:69
[   106.470] (II) systemd-logind: got pause for 13:71
[   106.470] (II) systemd-logind: got pause for 13:66
[   106.470] (II) systemd-logind: got pause for 13:64
[   106.470] (II) systemd-logind: got pause for 13:73
[   106.470] (II) systemd-logind: got pause for 13:68
[   106.470] (II) systemd-logind: got pause for 13:72
[   106.470] (II) systemd-logind: got pause for 13:79
[   110.395] (II) UnloadModule: "libinput"
[   110.395] (II) systemd-logind: releasing fd for 13:68
[   110.406] (II) UnloadModule: "libinput"
[   110.406] (II) systemd-logind: releasing fd for 13:73
[   110.413] (II) UnloadModule: "libinput"
[   110.413] (II) systemd-logind: releasing fd for 13:70
[   110.418] (II) UnloadModule: "libinput"
[   110.418] (II) systemd-logind: releasing fd for 13:69
[   110.426] (II) UnloadModule: "libinput"
[   110.426] (II) systemd-logind: releasing fd for 13:71
[   110.431] (II) UnloadModule: "libinput"
[   110.431] (II) systemd-logind: releasing fd for 13:64
[   110.438] (II) UnloadModule: "libinput"
[   110.438] (II) systemd-logind: releasing fd for 13:66
[   110.449] (II) UnloadModule: "libinput"
[   110.449] (II) systemd-logind: releasing fd for 13:79
[   110.457] (II) UnloadModule: "libinput"
[   110.457] (II) systemd-logind: releasing fd for 13:78
[   110.467] (II) UnloadModule: "libinput"
[   110.467] (II) systemd-logind: releasing fd for 13:72
[   110.472] (II) UnloadModule: "libinput"
[   110.472] (II) systemd-logind: releasing fd for 13:67
[   110.487] (WW) NVIDIA(G0): Failed to set the display configuration
[   110.487] (WW) NVIDIA(G0):  - Setting a mode on head 0 failed: Insufficient permissions
[   110.487] (WW) NVIDIA(G0):  - Setting a mode on head 1 failed: Insufficient permissions
[   110.487] (WW) NVIDIA(G0):  - Setting a mode on head 2 failed: Insufficient permissions
[   110.487] (WW) NVIDIA(G0):  - Setting a mode on head 3 failed: Insufficient permissions
[   110.531] (II) NVIDIA(GPU-0): Deleting GPU-0
[   110.532] (II) Server terminated successfully (0). Closing log file.
